Total assembled_chunk memory on node: 86.695 GB (chunk counts: 16*87 + 4*3 + 2*1978)
ch_frb_io: allocating 43.3475 GB memory pool, cores=[ 0 1 2 3 4 5 6 7 8 9 ], this may take a few seconds...
ch_frb_io: 43.3475 GB memory pool allocated
ch_frb_io: allocating 43.3475 GB memory pool, cores=[ 10 11 12 13 14 15 16 17 18 19 ], this may take a few seconds...
ch_frb_io: 43.3475 GB memory pool allocated
[L1-RPC-server] bind(tcp://10.2.1.101:5555)
[L1-RPC-server] bind(tcp://10.2.2.101:5555)
[L1-RPC-server] bind(tcp://10.2.3.101:5555)
ch-frb-l1: spawning 16 dedispersion thread(s)
[L1-RPC-server] bind(tcp://10.2.4.101:5555)
ch-frb-l1: server is now running, but you will want to wait ~60 seconds before sending packets, or it may crash!  This will be fixed soon...
ch_frb_io: listening for packets (ip_addr=10.2.2.101, udp_port=6677)
ch_frb_io: listening for packets (ip_addr=10.2.1.101, udp_port=6677)
ch_frb_io: listening for packets (ip_addr=10.2.3.101, udp_port=6677)
ch_frb_io: listening for packets (ip_addr=10.2.4.101, udp_port=6677)
ch-frb-l1b: event -- Beam: 2   SN: 7.2   DM: 152   time [s]: 7.66     grade: 0   itree: 0
L1b -- Beam 2 -- saved S/N histogram to L1_sn_hist_beam2_1710210909
L1b -- Beam 2 -- n_detections: 1, saved to L1_events_beam2_1710210909.npy
l1b process exited with status 0
------------------------------------------------------------------------------------------

ch-frb-l1b: Min detectable DM is 29.1

                  Max DMs --     1656    3313    6625   13251   13250   13249
          Coarse DM steps --      3.2     6.5    12.9    25.9    51.8   103.5
    Coarse time steps [s] --    0.063   0.126   0.252   0.503   1.007   2.013

------------------------------------------------------------------------------------------
ch-frb-l1b: event -- Beam: 0   SN: 7.2   DM: 29    time [s]: 9.61     grade: 0   itree: 0
ch-frb-l1b: event -- Beam: 0   SN: 7.4   DM: 52    time [s]: 7.47     grade: 0   itree: 0
ch-frb-l1b: event -- Beam: 0   SN: 7.2   DM: 65    time [s]: 8.73     grade: 0   itree: 0
ch-frb-l1b: event -- Beam: 0   SN: 7.1   DM: 87    time [s]: 7.97     grade: 0   itree: 0
ch-frb-l1b: event -- Beam: 0   SN: 7.2   DM: 94    time [s]: 7.60     grade: 0   itree: 0
ch-frb-l1b: event -- Beam: 0   SN: 7.3   DM: 110   time [s]: 8.48     grade: 0   itree: 0
L1b -- Beam 0 -- saved S/N histogram to L1_sn_hist_beam0_1710210909
L1b -- Beam 0 -- n_detections: 6, saved to L1_events_beam0_1710210909.npy
l1b process exited with status 0
ch-frb-l1b: event -- Beam: 1   SN: 7.0   DM: 42    time [s]: 8.73     grade: 0   itree: 0
ch-frb-l1b: event -- Beam: 1   SN: 7.1   DM: 65    time [s]: 7.66     grade: 0   itree: 0
ch-frb-l1b: event -- Beam: 1   SN: 7.1   DM: 81    time [s]: 8.10     grade: 0   itree: 0
ch-frb-l1b: event -- Beam: 1   SN: 7.6   DM: 84    time [s]: 9.80     grade: 0   itree: 0
ch-frb-l1b: event -- Beam: 1   SN: 7.2   DM: 116   time [s]: 7.47     grade: 0   itree: 0
L1b -- Beam 1 -- saved S/N histogram to L1_sn_hist_beam1_1710210909
L1b -- Beam 1 -- n_detections: 5, saved to L1_events_beam1_1710210909.npy
l1b process exited with status 0
ch-frb-l1b: event -- Beam: 3   SN: 31.5  DM: 61    time [s]: 100.02   grade: 10  itree: 0
L1b -- Beam 3 -- saved S/N histogram to L1_sn_hist_beam3_1710210909
L1b -- Beam 3 -- n_detections: 1, saved to L1_events_beam3_1710210909.npy
l1b process exited with status 0
ch-frb-l1b: event -- Beam: 4   SN: 17.0  DM: 3021  time [s]: 99.86    grade: 10  itree: 1
ch-frb-l1b: event -- Beam: 4   SN: 7.8   DM: 3002  time [s]: 99.39    grade: 10  itree: 4
L1b -- Beam 4 -- saved S/N histogram to L1_sn_hist_beam4_1710210909
L1b -- Beam 4 -- n_detections: 2, saved to L1_events_beam4_1710210909.npy
l1b process exited with status 0
ch-frb-l1b: event -- Beam: 5   SN: 10.2  DM: 2433  time [s]: 100.02   grade: 0   itree: 3
ch-frb-l1b: event -- Beam: 5   SN: 11.0  DM: 2433  time [s]: 99.39    grade: 10  itree: 4
ch-frb-l1b: event -- Beam: 5   SN: 9.2   DM: 2381  time [s]: 100.15   grade: 10  itree: 5
L1b -- Beam 5 -- saved S/N histogram to L1_sn_hist_beam5_1710210909
L1b -- Beam 5 -- n_detections: 3, saved to L1_events_beam5_1710210909.npy
l1b process exited with status 0
ch-frb-l1b: event -- Beam: 6   SN: 16.0  DM: 3714  time [s]: 99.83    grade: 10  itree: 2
ch-frb-l1b: event -- Beam: 6   SN: 12.4  DM: 3675  time [s]: 100.40   grade: 10  itree: 4
ch-frb-l1b: event -- Beam: 6   SN: 9.5   DM: 3623  time [s]: 100.15   grade: 10  itree: 5
L1b -- Beam 6 -- saved S/N histogram to L1_sn_hist_beam6_1710210909
L1b -- Beam 6 -- n_detections: 3, saved to L1_events_beam6_1710210909.npy
l1b process exited with status 0
ch-frb-l1b: event -- Beam: 7   SN: 92.6  DM: 388   time [s]: 100.10   grade: 10  itree: 2
ch-frb-l1b: event -- Beam: 7   SN: 71.3  DM: 362   time [s]: 100.41   grade: 10  itree: 4
ch-frb-l1b: event -- Beam: 7   SN: 51.8  DM: 311   time [s]: 100.16   grade: 10  itree: 5
L1b -- Beam 7 -- saved S/N histogram to L1_sn_hist_beam7_1710210909
L1b -- Beam 7 -- n_detections: 3, saved to L1_events_beam7_1710210909.npy
l1b process exited with status 0
ch-frb-l1b: event -- Beam: 9   SN: 84.9  DM: 91    time [s]: 100.10   grade: 10  itree: 2
L1b -- Beam 9 -- saved S/N histogram to L1_sn_hist_beam9_1710210909
L1b -- Beam 9 -- n_detections: 1, saved to L1_events_beam9_1710210909.npy
l1b process exited with status 0
ch-frb-l1b: event -- Beam: 11  SN: 28.2  DM: 52    time [s]: 100.00   grade: 10  itree: 1
L1b -- Beam 11 -- saved S/N histogram to L1_sn_hist_beam11_1710210909
L1b -- Beam 11 -- n_detections: 1, saved to L1_events_beam11_1710210909.npy
ch-frb-l1b: event -- Beam: 8   SN: 11.4  DM: 26    time [s]: 100.03   grade: 10  itree: 3
L1b -- Beam 8 -- saved S/N histogram to L1_sn_hist_beam8_1710210909
L1b -- Beam 8 -- n_detections: 1, saved to L1_events_beam8_1710210909.npy
l1b process exited with status 0
l1b process exited with status 0
ch-frb-l1b: event -- Beam: 10  SN: 36.5  DM: 26    time [s]: 99.53    grade: 0   itree: 3
L1b -- Beam 10 -- saved S/N histogram to L1_sn_hist_beam10_1710210909
L1b -- Beam 10 -- n_detections: 1, saved to L1_events_beam10_1710210909.npy
l1b process exited with status 0
L1b -- Beam 12 -- saved S/N histogram to L1_sn_hist_beam12_1710210909
L1b -- Beam 12 -- no detections
l1b process exited with status 0
ch-frb-l1b: event -- Beam: 14  SN: 7.0   DM: 84    time [s]: 8.29     grade: 0   itree: 0
ch-frb-l1b: event -- Beam: 14  SN: 56.0  DM: 893   time [s]: 100.09   grade: 10  itree: 2
ch-frb-l1b: event -- Beam: 14  SN: 38.0  DM: 880   time [s]: 100.41   grade: 10  itree: 4
ch-frb-l1b: event -- Beam: 14  SN: 27.2  DM: 828   time [s]: 100.16   grade: 10  itree: 5
L1b -- Beam 14 -- saved S/N histogram to L1_sn_hist_beam14_1710210909
L1b -- Beam 14 -- n_detections: 4, saved to L1_events_beam14_1710210909.npy
l1b process exited with status 0
L1b -- Beam 13 -- saved S/N histogram to L1_sn_hist_beam13_1710210909
L1b -- Beam 13 -- no detections
l1b process exited with status 0
ch-frb-l1b: event -- Beam: 15  SN: 15.8  DM: 2873  time [s]: 100.02   grade: 0   itree: 3
ch-frb-l1b: event -- Beam: 15  SN: 18.4  DM: 2847  time [s]: 100.40   grade: 10  itree: 4
ch-frb-l1b: event -- Beam: 15  SN: 16.9  DM: 2795  time [s]: 100.15   grade: 10  itree: 5
L1b -- Beam 15 -- saved S/N histogram to L1_sn_hist_beam15_1710210909
L1b -- Beam 15 -- n_detections: 3, saved to L1_events_beam15_1710210909.npy
l1b process exited with status 0
All dedispersion threads joined, waiting for pending write requests...
All write requests written, all i/o threads joined, shutting down RPC servers...
[L1-RPC-server] L1 RPC server: exiting.
[L1-RPC-server] L1 RPC server: exiting.
[L1-RPC-server] L1 RPC server: exiting.
[L1-RPC-server] L1 RPC server: exiting.
stream 0: ipaddr=10.2.1.101, udp_port=6677
    count_packets_good: 1596974
    assembler_thread_workfrac: 0.144251
stream 1: ipaddr=10.2.2.101, udp_port=6677
    count_packets_good: 1604965
    assembler_thread_workfrac: 0.144786
stream 2: ipaddr=10.2.3.101, udp_port=6677
    count_packets_good: 1605387
    assembler_thread_workfrac: 0.150527
stream 3: ipaddr=10.2.4.101, udp_port=6677
    count_packets_good: 1605162
    assembler_thread_workfrac: 0.150738
ch_frb_io: memory_slab_pool size_on_exit=2680/2680, low_water_mark=1982/2680
ch_frb_io: memory_slab_pool size_on_exit=2680/2680, low_water_mark=1980/2680
